Compass: Single-sample mode
Supplied Arguments: 
   data: ['/home/dzhang/Compass_Results/PANC_scRNAseq/compass_files/PSN1/PAR/PSN1_matrix.mtx', '/home/dzhang/Compass_Results/PANC_scRNAseq/compass_files/PSN1/PAR/PSN1_genes.tsv', '/home/dzhang/Compass_Results/PANC_scRNAseq/compass_files/PSN1/PAR/PSN1_barcodes.tsv']
   data_mtx: ['/home/dzhang/Compass_Results/PANC_scRNAseq/compass_files/PSN1/PAR/PSN1_matrix.mtx', '/home/dzhang/Compass_Results/PANC_scRNAseq/compass_files/PSN1/PAR/PSN1_genes.tsv', '/home/dzhang/Compass_Results/PANC_scRNAseq/compass_files/PSN1/PAR/PSN1_barcodes.tsv']
   model: RECON2_mat
   species: homo_sapiens
   custom: None
   knockout: None
   media: default-media
   output_dir: /home/dzhang/Compass_Results/PANC_scRNAseq/compass_results/RECON/PSN1/PAR
   temp_dir: /home/dzhang/Compass_Results/PANC_scRNAseq/compass_results/RECON/PSN1/PAR/tmpPSN1
   torque_queue: None
   num_processes: 15
   lambda: 0.25
   single_sample: None
   transposed: False
   sample_range: None
   reaction_range: None
   metabolite_range: None
   generate_cache: False
   test_mode: False
   num_threads: 1
   and_function: mean
   select_reactions: None
   select_subsystems: None
   glucose: None
   collect: False
   config_file: None
   num_neighbors: 30
   symmetric_kernel: False
   input_weights: None
   penalty_diffusion: knn
   no_reactions: False
   calc_metabolites: True
   precache: False
   input_knn: None
   input_knn_distances: None
   output_knn: None
   latent_space: /home/dzhang/Compass_Results/PANC_scRNAseq/compass_files/PSN1/PAR/PSN1_umap.tsv
   only_penalties: None
   example_inputs: None
   microcluster_size: None
   microcluster_file: None
   microcluster_data_file: None
   anndata_output: False
   anndata_obs: None
   anndata_uns: None
   detailed_perf: False
   penalties_file: /home/dzhang/Compass_Results/PANC_scRNAseq/compass_results/RECON/PSN1/PAR/tmpPSN1/penalties.txt.gz
   lpmethod: 4
   advance: 2
   save_argmaxes: False
   isoform_summing: remove-summing
   list_genes: None
   list_reactions: None

COMPASS Started: 2023-07-06 11:34:29.095383
Running COMPASS on model: RECON2_mat
Processing Sample 33/49: CGTGTCTCAGCTATTG-5
Evaluating Reaction Penalties...
Evaluating Reaction Scores...
Evaluating Exchange/Secretion/Uptake Scores...
Writing output files...
Compass Penalty Time: 0.140008675865829
Compass Reaction Time:1929.6030870983377
Processed10211reactions
Compass Exchange Time:2828.0305355130695
Processed 5063 uptake reactions
Processed 5063 secretion reactions
COMPASS Completed Successfully

Elapsed Time: 1:19:26.222221
