Compass: Single-sample mode
Supplied Arguments: 
   data: ['/home/dzhang/PANC_scRNAseq/compass_files/PSN1/DTP/PSN1_matrix.mtx', '/home/dzhang/PANC_scRNAseq/compass_files/PSN1/DTP/PSN1_genes.tsv', '/home/dzhang/PANC_scRNAseq/compass_files/PSN1/DTP/PSN1_barcodes.tsv']
   data_mtx: ['/home/dzhang/PANC_scRNAseq/compass_files/PSN1/DTP/PSN1_matrix.mtx', '/home/dzhang/PANC_scRNAseq/compass_files/PSN1/DTP/PSN1_genes.tsv', '/home/dzhang/PANC_scRNAseq/compass_files/PSN1/DTP/PSN1_barcodes.tsv']
   model: HumanGEM
   species: homo_sapiens
   custom: None
   knockout: None
   media: default-media
   output_dir: /home/dzhang/PANC_scRNAseq/compass_results/PSN1/DTP
   temp_dir: /home/dzhang/PANC_scRNAseq/compass_results/PSN1/DTP/tmpPSN1
   torque_queue: None
   num_processes: 15
   lambda: 0.25
   single_sample: None
   transposed: False
   sample_range: None
   reaction_range: None
   metabolite_range: None
   generate_cache: False
   test_mode: False
   num_threads: 1
   and_function: mean
   select_reactions: None
   select_subsystems: None
   glucose: None
   collect: False
   config_file: None
   num_neighbors: 30
   symmetric_kernel: False
   input_weights: None
   penalty_diffusion: knn
   no_reactions: False
   calc_metabolites: True
   precache: False
   input_knn: None
   input_knn_distances: None
   output_knn: None
   latent_space: /home/dzhang/PANC_scRNAseq/compass_files/PSN1/DTP/PSN1_umap.tsv
   only_penalties: None
   example_inputs: None
   microcluster_size: None
   microcluster_file: None
   microcluster_data_file: None
   anndata_output: False
   anndata_obs: None
   anndata_uns: None
   detailed_perf: False
   penalties_file: /home/dzhang/PANC_scRNAseq/compass_results/PSN1/DTP/tmpPSN1/penalties.txt.gz
   lpmethod: 4
   advance: 2
   save_argmaxes: False
   isoform_summing: remove-summing
   list_genes: None
   list_reactions: None

COMPASS Started: 2023-06-30 16:49:54.066947
Running COMPASS on model: HumanGEM
Processing Sample 9/49: CACCTTGTCAGCTTAG-6
Evaluating Reaction Penalties...
Evaluating Reaction Scores...
Evaluating Exchange/Secretion/Uptake Scores...
Writing output files...
Compass Penalty Time: 0.09913797490298748
Compass Reaction Time:15815.2174251806
Processed19187reactions
Compass Exchange Time:16831.45662300475
Processed 8443 uptake reactions
Processed 8443 secretion reactions
COMPASS Completed Successfully

Elapsed Time: 9:04:22.459355
