Compass: Single-sample mode
Supplied Arguments: 
   data: ['/home/dzhang/Compass_Results/PANC_scRNAseq/compass_files/PSN1/PAR/PSN1_matrix.mtx', '/home/dzhang/Compass_Results/PANC_scRNAseq/compass_files/PSN1/PAR/PSN1_genes.tsv', '/home/dzhang/Compass_Results/PANC_scRNAseq/compass_files/PSN1/PAR/PSN1_barcodes.tsv']
   data_mtx: ['/home/dzhang/Compass_Results/PANC_scRNAseq/compass_files/PSN1/PAR/PSN1_matrix.mtx', '/home/dzhang/Compass_Results/PANC_scRNAseq/compass_files/PSN1/PAR/PSN1_genes.tsv', '/home/dzhang/Compass_Results/PANC_scRNAseq/compass_files/PSN1/PAR/PSN1_barcodes.tsv']
   model: HumanGEM
   species: homo_sapiens
   custom: /home/dzhang/Compass_Integration/model_xml/0_1_models/PSN1_PAR_0_75.xml
   knockout: None
   media: default-media
   output_dir: /home/dzhang/Compass_Results/PANC_scRNAseq/compass_results/PSN1/PAR
   temp_dir: /home/dzhang/Compass_Results/PANC_scRNAseq/compass_results/PSN1/PAR/tmpPSN1
   torque_queue: None
   num_processes: 15
   lambda: 0.25
   single_sample: None
   transposed: False
   sample_range: None
   reaction_range: None
   metabolite_range: None
   generate_cache: False
   test_mode: False
   num_threads: 1
   and_function: mean
   select_reactions: None
   select_subsystems: None
   glucose: None
   collect: False
   config_file: None
   num_neighbors: 30
   symmetric_kernel: False
   input_weights: None
   penalty_diffusion: knn
   no_reactions: False
   calc_metabolites: True
   precache: False
   input_knn: None
   input_knn_distances: None
   output_knn: None
   latent_space: /home/dzhang/Compass_Results/PANC_scRNAseq/compass_files/PSN1/PAR/PSN1_umap.tsv
   only_penalties: None
   example_inputs: None
   microcluster_size: None
   microcluster_file: None
   microcluster_data_file: None
   anndata_output: False
   anndata_obs: None
   anndata_uns: None
   detailed_perf: False
   penalties_file: /home/dzhang/Compass_Results/PANC_scRNAseq/compass_results/PSN1/PAR/tmpPSN1/penalties.txt.gz
   lpmethod: 4
   advance: 2
   save_argmaxes: False
   isoform_summing: remove-summing
   list_genes: None
   list_reactions: None

COMPASS Started: 2023-07-06 16:24:33.843836
Running COMPASS on model: HumanGEM
Processing Sample 41/49: CGTGTAAAGCTTCGCG-5
Evaluating Reaction Penalties...
Evaluating Reaction Scores...
Evaluating Exchange/Secretion/Uptake Scores...
Writing output files...
Compass Penalty Time: 0.07153257355093956
Compass Reaction Time:358722.6860584151
Processed12705reactions
Compass Exchange Time:10621.443485036492
Processed 5847 uptake reactions
Processed 5847 secretion reactions
COMPASS Completed Successfully

Elapsed Time: 4 days, 6:35:50.280864
