Compass: Single-sample mode
Supplied Arguments: 
   data: ['/home/dzhang/Compass_Results/PANC_scRNAseq/compass_files/ASPC1/PAR/ASPC1_matrix.mtx', '/home/dzhang/Compass_Results/PANC_scRNAseq/compass_files/ASPC1/PAR/ASPC1_genes.tsv', '/home/dzhang/Compass_Results/PANC_scRNAseq/compass_files/ASPC1/PAR/ASPC1_barcodes.tsv']
   data_mtx: ['/home/dzhang/Compass_Results/PANC_scRNAseq/compass_files/ASPC1/PAR/ASPC1_matrix.mtx', '/home/dzhang/Compass_Results/PANC_scRNAseq/compass_files/ASPC1/PAR/ASPC1_genes.tsv', '/home/dzhang/Compass_Results/PANC_scRNAseq/compass_files/ASPC1/PAR/ASPC1_barcodes.tsv']
   model: HumanGEM
   species: homo_sapiens
   custom: None
   knockout: ['CDIPT', 'CMPK1', 'CYP51A1', 'DHCR24', 'EBP', 'FDFT1', 'FOSL1', 'HMGCR', 'HMGCS1', 'HSD17B7', 'LSS', 'MVD', 'MVK', 'NDUFA4', 'NSDHL', 'PGS1', 'PMVK', 'PTPMT1', 'SC5D', 'SLC29A1', 'SQLE', 'UGDH']
   media: default-media
   output_dir: /home/dzhang/Compass_Results/PANC_scRNAseq/compass_results/KO_tests/ASPC1/PAR
   temp_dir: /home/dzhang/Compass_Results/PANC_scRNAseq/compass_results/KO_tests/ASPC1/PAR/tmpASPC1
   torque_queue: None
   num_processes: 15
   lambda: 0.25
   single_sample: None
   transposed: False
   sample_range: None
   reaction_range: None
   metabolite_range: None
   generate_cache: False
   test_mode: False
   num_threads: 1
   and_function: mean
   select_reactions: None
   select_subsystems: None
   glucose: None
   collect: False
   config_file: None
   num_neighbors: 30
   symmetric_kernel: False
   input_weights: None
   penalty_diffusion: knn
   no_reactions: False
   calc_metabolites: True
   precache: False
   input_knn: None
   input_knn_distances: None
   output_knn: None
   latent_space: /home/dzhang/Compass_Results/PANC_scRNAseq/compass_files/ASPC1/PAR/ASPC1_umap.tsv
   only_penalties: None
   example_inputs: None
   microcluster_size: None
   microcluster_file: None
   microcluster_data_file: None
   anndata_output: False
   anndata_obs: None
   anndata_uns: None
   detailed_perf: False
   penalties_file: /home/dzhang/Compass_Results/PANC_scRNAseq/compass_results/KO_tests/ASPC1/PAR/tmpASPC1/penalties.txt.gz
   lpmethod: 4
   advance: 2
   save_argmaxes: False
   isoform_summing: remove-summing
   list_genes: None
   list_reactions: None

COMPASS Started: 2023-07-14 08:01:29.948299
Running COMPASS on model: HumanGEM
Processing Sample 37/48: AAGACCTCACTTGGAT-1
Evaluating Reaction Penalties...
Evaluating Reaction Scores...
Evaluating Exchange/Secretion/Uptake Scores...
Writing output files...
Compass Penalty Time: 0.2746094500180334
Compass Reaction Time:24738.431259614998
Processed18975reactions
Compass Exchange Time:30823.837637388962
Processed 8443 uptake reactions
Processed 8443 secretion reactions
COMPASS Completed Successfully

Elapsed Time: 15:26:39.602280
