Compass: Single-sample mode
Supplied Arguments: 
   data: ['/home/dzhang/Compass_Results/CellCycle_Equal/compass_files/ASPC1_matrix.mtx', '/home/dzhang/Compass_Results/CellCycle_Equal/compass_files/ASPC1_genes.tsv', '/home/dzhang/Compass_Results/CellCycle_Equal/compass_files/ASPC1_barcodes.tsv']
   data_mtx: ['/home/dzhang/Compass_Results/CellCycle_Equal/compass_files/ASPC1_matrix.mtx', '/home/dzhang/Compass_Results/CellCycle_Equal/compass_files/ASPC1_genes.tsv', '/home/dzhang/Compass_Results/CellCycle_Equal/compass_files/ASPC1_barcodes.tsv']
   model: RECON2_mat
   species: homo_sapiens
   media: default-media
   output_dir: /home/dzhang/Compass_Results/CellCycle_Equal/results/ASPC1
   temp_dir: /home/dzhang/Compass_Results/CellCycle_Equal/results/tmpASPC1
   torque_queue: None
   num_processes: 10
   lambda: 0.25
   single_sample: None
   transposed: False
   sample_range: None
   reaction_range: None
   metabolite_range: None
   generate_cache: False
   test_mode: False
   num_threads: 1
   and_function: mean
   select_reactions: None
   select_subsystems: None
   glucose: None
   collect: False
   config_file: None
   num_neighbors: 30
   symmetric_kernel: False
   input_weights: None
   penalty_diffusion: knn
   no_reactions: False
   calc_metabolites: True
   precache: False
   input_knn: None
   input_knn_distances: None
   output_knn: None
   latent_space: /home/dzhang/Compass_Results/CellCycle_Equal/compass_files/ASPC1_umap.tsv
   only_penalties: None
   example_inputs: None
   microcluster_size: None
   microcluster_file: None
   microcluster_data_file: None
   anndata_output: False
   anndata_obs: None
   anndata_uns: None
   detailed_perf: False
   penalties_file: /home/dzhang/Compass_Results/CellCycle_Equal/results/tmpASPC1/penalties.txt.gz
   lpmethod: 4
   advance: 2
   save_argmaxes: False
   isoform_summing: remove-summing
   list_genes: None
   list_reactions: None

COMPASS Started: 2023-06-13 07:20:09.737814
Running COMPASS on model: RECON2_mat
Processing Sample 146/300: CTAGCCTCATCCCACT-2-0
Evaluating Reaction Penalties...
Evaluating Reaction Scores...
Evaluating Exchange/Secretion/Uptake Scores...
Writing output files...
Compass Penalty Time: 0.25983309745788574
Compass Reaction Time:814.3115201340988
Processed10211reactions
Compass Exchange Time:1375.703368872404
Processed 5063 uptake reactions
Processed 5063 secretion reactions
COMPASS Completed Successfully

Elapsed Time: 0:36:33.593692
