Compass version: 0.9.10.9
Git commit: Not in Git repo
Python Version:
3.7.10 (default, Jun  4 2021, 14:48:32) 
[GCC 7.5.0]
Python prefix: /home/dzhang/miniconda3/envs/compass_test
Numpy version: 1.20.3
Pandas version: 1.2.4
Supplied Arguments: 
   data: ['/home/dzhang/Compass_Results/PANC_scRNAseq/compass_files/ASPC1/DTP/ASPC1_matrix.mtx', '/home/dzhang/Compass_Results/PANC_scRNAseq/compass_files/ASPC1/DTP/ASPC1_genes.tsv', '/home/dzhang/Compass_Results/PANC_scRNAseq/compass_files/ASPC1/DTP/ASPC1_barcodes.tsv']
   data_mtx: ['/home/dzhang/Compass_Results/PANC_scRNAseq/compass_files/ASPC1/DTP/ASPC1_matrix.mtx', '/home/dzhang/Compass_Results/PANC_scRNAseq/compass_files/ASPC1/DTP/ASPC1_genes.tsv', '/home/dzhang/Compass_Results/PANC_scRNAseq/compass_files/ASPC1/DTP/ASPC1_barcodes.tsv']
   model: RECON2_mat
   species: homo_sapiens
   custom: None
   knockout: None
   media: default-media
   output_dir: /home/dzhang/Compass_Results/PANC_scRNAseq/compass_results/RECON/ASPC1/DTP
   temp_dir: /home/dzhang/Compass_Results/PANC_scRNAseq/compass_results/RECON/ASPC1/DTP/tmpASPC1
   torque_queue: None
   num_processes: 15
   lambda: 0.25
   single_sample: None
   transposed: False
   sample_range: None
   reaction_range: None
   metabolite_range: None
   generate_cache: False
   test_mode: False
   num_threads: 1
   and_function: mean
   select_reactions: None
   select_subsystems: None
   glucose: None
   collect: False
   config_file: None
   num_neighbors: 30
   symmetric_kernel: False
   input_weights: None
   penalty_diffusion: knn
   no_reactions: False
   calc_metabolites: True
   precache: False
   input_knn: None
   input_knn_distances: None
   output_knn: None
   latent_space: /home/dzhang/Compass_Results/PANC_scRNAseq/compass_files/ASPC1/DTP/ASPC1_umap.tsv
   only_penalties: None
   example_inputs: None
   microcluster_size: None
   microcluster_file: None
   microcluster_data_file: None
   anndata_output: False
   anndata_obs: None
   anndata_uns: None
   detailed_perf: False
   penalties_file: 
   lpmethod: 4
   advance: 2
   save_argmaxes: False
   isoform_summing: remove-summing
   list_genes: None
   list_reactions: None

COMPASS Started: 2023-07-06 04:27:18.122255
Cache for model and media already built
Evaluating Reaction Penalties...
Processing 48 samples using 15 processes
Progress bar will update once the first sample is finished
Collecting results from: /home/dzhang/Compass_Results/PANC_scRNAseq/compass_results/RECON/ASPC1/DTP/tmpASPC1
Writing output to: /home/dzhang/Compass_Results/PANC_scRNAseq/compass_results/RECON/ASPC1/DTP
COMPASS Completed Successfully

Elapsed Time: 4:30:39.230001
