Compass: Single-sample mode
Supplied Arguments: 
   data: ['/home/dzhang/Compass_Results/PANC_scRNAseq/compass_files/PANC1/DTP/PANC1_matrix.mtx', '/home/dzhang/Compass_Results/PANC_scRNAseq/compass_files/PANC1/DTP/PANC1_genes.tsv', '/home/dzhang/Compass_Results/PANC_scRNAseq/compass_files/PANC1/DTP/PANC1_barcodes.tsv']
   data_mtx: ['/home/dzhang/Compass_Results/PANC_scRNAseq/compass_files/PANC1/DTP/PANC1_matrix.mtx', '/home/dzhang/Compass_Results/PANC_scRNAseq/compass_files/PANC1/DTP/PANC1_genes.tsv', '/home/dzhang/Compass_Results/PANC_scRNAseq/compass_files/PANC1/DTP/PANC1_barcodes.tsv']
   model: HumanGEM
   species: homo_sapiens
   custom: /home/dzhang/Compass_Integration/model_xml/0_1_models/PANC1_DTP_0_75.xml
   knockout: None
   media: default-media
   output_dir: /home/dzhang/Compass_Results/PANC_scRNAseq/compass_results/PANC1/DTP
   temp_dir: /home/dzhang/Compass_Results/PANC_scRNAseq/compass_results/PANC1/DTP/tmpPANC1
   torque_queue: None
   num_processes: 15
   lambda: 0.25
   single_sample: None
   transposed: False
   sample_range: None
   reaction_range: None
   metabolite_range: None
   generate_cache: False
   test_mode: False
   num_threads: 1
   and_function: mean
   select_reactions: None
   select_subsystems: None
   glucose: None
   collect: False
   config_file: None
   num_neighbors: 30
   symmetric_kernel: False
   input_weights: None
   penalty_diffusion: knn
   no_reactions: False
   calc_metabolites: True
   precache: False
   input_knn: None
   input_knn_distances: None
   output_knn: None
   latent_space: /home/dzhang/Compass_Results/PANC_scRNAseq/compass_files/PANC1/DTP/PANC1_umap.tsv
   only_penalties: None
   example_inputs: None
   microcluster_size: None
   microcluster_file: None
   microcluster_data_file: None
   anndata_output: False
   anndata_obs: None
   anndata_uns: None
   detailed_perf: False
   penalties_file: /home/dzhang/Compass_Results/PANC_scRNAseq/compass_results/PANC1/DTP/tmpPANC1/penalties.txt.gz
   lpmethod: 4
   advance: 2
   save_argmaxes: False
   isoform_summing: remove-summing
   list_genes: None
   list_reactions: None

COMPASS Started: 2023-07-06 05:50:27.307807
Running COMPASS on model: HumanGEM
Processing Sample 34/49: AGGGTGAAGGCAATTA-8
Evaluating Reaction Penalties...
Evaluating Reaction Scores...
Evaluating Exchange/Secretion/Uptake Scores...
Writing output files...
Compass Penalty Time: 0.08636724390089512
Compass Reaction Time:290818.3513014391
Processed12981reactions
Compass Exchange Time:10970.35777359642
Processed 5903 uptake reactions
Processed 5903 secretion reactions
COMPASS Completed Successfully

Elapsed Time: 3 days, 11:49:56.828930
