Compass: Single-sample mode
Supplied Arguments: 
   data: ['/home/dzhang/Compass_Results/PANC_scRNAseq/compass_files/MIA/DTP/MIA_matrix.mtx', '/home/dzhang/Compass_Results/PANC_scRNAseq/compass_files/MIA/DTP/MIA_genes.tsv', '/home/dzhang/Compass_Results/PANC_scRNAseq/compass_files/MIA/DTP/MIA_barcodes.tsv']
   data_mtx: ['/home/dzhang/Compass_Results/PANC_scRNAseq/compass_files/MIA/DTP/MIA_matrix.mtx', '/home/dzhang/Compass_Results/PANC_scRNAseq/compass_files/MIA/DTP/MIA_genes.tsv', '/home/dzhang/Compass_Results/PANC_scRNAseq/compass_files/MIA/DTP/MIA_barcodes.tsv']
   model: HumanGEM
   species: homo_sapiens
   custom: /home/dzhang/Compass_Integration/model_xml/0_1_models/MIAPaca_DTP_0_75.xml
   knockout: None
   media: default-media
   output_dir: /home/dzhang/Compass_Results/PANC_scRNAseq/compass_results/MIA/DTP
   temp_dir: /home/dzhang/Compass_Results/PANC_scRNAseq/compass_results/MIA/DTP/tmpMIA
   torque_queue: None
   num_processes: 15
   lambda: 0.25
   single_sample: None
   transposed: False
   sample_range: None
   reaction_range: None
   metabolite_range: None
   generate_cache: False
   test_mode: False
   num_threads: 1
   and_function: mean
   select_reactions: None
   select_subsystems: None
   glucose: None
   collect: False
   config_file: None
   num_neighbors: 30
   symmetric_kernel: False
   input_weights: None
   penalty_diffusion: knn
   no_reactions: False
   calc_metabolites: True
   precache: False
   input_knn: None
   input_knn_distances: None
   output_knn: None
   latent_space: /home/dzhang/Compass_Results/PANC_scRNAseq/compass_files/MIA/DTP/MIA_umap.tsv
   only_penalties: None
   example_inputs: None
   microcluster_size: None
   microcluster_file: None
   microcluster_data_file: None
   anndata_output: False
   anndata_obs: None
   anndata_uns: None
   detailed_perf: False
   penalties_file: /home/dzhang/Compass_Results/PANC_scRNAseq/compass_results/MIA/DTP/tmpMIA/penalties.txt.gz
   lpmethod: 4
   advance: 2
   save_argmaxes: False
   isoform_summing: remove-summing
   list_genes: None
   list_reactions: None

COMPASS Started: 2023-07-06 01:00:19.451330
Running COMPASS on model: HumanGEM
Processing Sample 16/48: TAAACCGTCTTGAGGT-4
Evaluating Reaction Penalties...
Evaluating Reaction Scores...
Evaluating Exchange/Secretion/Uptake Scores...
Writing output files...
Compass Penalty Time: 0.1589539940468967
Compass Reaction Time:25779.21389255114
Processed12891reactions
Compass Exchange Time:27207.81221359782
Processed 5823 uptake reactions
Processed 5823 secretion reactions
COMPASS Completed Successfully

Elapsed Time: 14:43:23.399937
